2023-08-31 11:34:51.318  INFO 8212 --- [restartedMain] com.project.ExamportApplication          : Starting ExamportApplication using Java 17.0.7 on DESKTOP-3APKL5L with PID 8212 (C:\Users\Upgrade\Documents\workspace-spring-tool-suite-4-4.19.0.RELEASE\examport10\target\classes started by Upgrade in C:\Users\Upgrade\Documents\workspace-spring-tool-suite-4-4.19.0.RELEASE\examport10)
2023-08-31 11:34:51.330  INFO 8212 --- [restartedMain] com.project.ExamportApplication          : No active profile set, falling back to 1 default profile: "default"
2023-08-31 11:34:51.648  INFO 8212 --- [restartedMain] .e.DevToolsPropertyDefaultsPostProcessor : Devtools property defaults active! Set 'spring.devtools.add-properties' to 'false' to disable
2023-08-31 11:34:51.657  INFO 8212 --- [restartedMain] .e.DevToolsPropertyDefaultsPostProcessor : For additional web related logging consider setting the 'logging.level.web' property to 'DEBUG'
2023-08-31 11:34:54.155  INFO 8212 --- [restartedMain] .s.d.r.c.RepositoryConfigurationDelegate : Bootstrapping Spring Data JPA repositories in DEFAULT mode.
2023-08-31 11:34:54.661  INFO 8212 --- [restartedMain] .s.d.r.c.RepositoryConfigurationDelegate : Finished Spring Data repository scanning in 472 ms. Found 5 JPA repository interfaces.
2023-08-31 11:35:00.340  INFO 8212 --- [restartedMain] o.s.b.w.embedded.tomcat.TomcatWebServer  : Tomcat initialized with port(s): 8080 (http)
2023-08-31 11:35:00.391  INFO 8212 --- [restartedMain] o.apache.catalina.core.StandardService   : Starting service [Tomcat]
2023-08-31 11:35:00.405  INFO 8212 --- [restartedMain] org.apache.catalina.core.StandardEngine  : Starting Servlet engine: [Apache Tomcat/9.0.71]
2023-08-31 11:35:00.875  INFO 8212 --- [restartedMain] o.a.c.c.C.[Tomcat].[localhost].[/]       : Initializing Spring embedded WebApplicationContext
2023-08-31 11:35:00.875  INFO 8212 --- [restartedMain] w.s.c.ServletWebServerApplicationContext : Root WebApplicationContext: initialization completed in 9216 ms
2023-08-31 11:35:01.656  INFO 8212 --- [restartedMain] o.hibernate.jpa.internal.util.LogHelper  : HHH000204: Processing PersistenceUnitInfo [name: default]
2023-08-31 11:35:02.009  INFO 8212 --- [restartedMain] org.hibernate.Version                    : HHH000412: Hibernate ORM core version 5.6.14.Final
2023-08-31 11:35:02.709  INFO 8212 --- [restartedMain] o.hibernate.annotations.common.Version   : HCANN000001: Hibernate Commons Annotations {5.1.2.Final}
2023-08-31 11:35:03.125  INFO 8212 --- [restartedMain] com.zaxxer.hikari.HikariDataSource       : HikariPool-1 - Starting...
2023-08-31 11:35:04.312  INFO 8212 --- [restartedMain] com.zaxxer.hikari.HikariDataSource       : HikariPool-1 - Start completed.
2023-08-31 11:35:04.366  INFO 8212 --- [restartedMain] org.hibernate.dialect.Dialect            : HHH000400: Using dialect: org.hibernate.dialect.MySQL8Dialect
2023-08-31 11:35:06.662  INFO 8212 --- [restartedMain] o.h.e.t.j.p.i.JtaPlatformInitiator       : HHH000490: Using JtaPlatform implementation: [org.hibernate.engine.transaction.jta.platform.internal.NoJtaPlatform]
2023-08-31 11:35:06.685  INFO 8212 --- [restartedMain] j.LocalContainerEntityManagerFactoryBean : Initialized JPA EntityManagerFactory for persistence unit 'default'
2023-08-31 11:35:08.379  INFO 8212 --- [restartedMain] o.s.s.web.DefaultSecurityFilterChain     : Will secure any request with [org.springframework.security.web.session.DisableEncodeUrlFilter@287aa744, org.springframework.security.web.context.request.async.WebAsyncManagerIntegrationFilter@b25f71e, org.springframework.security.web.context.SecurityContextPersistenceFilter@1a3d5dac, org.springframework.security.web.header.HeaderWriterFilter@4dec5b9b, org.springframework.web.filter.CorsFilter@6508c51d, org.springframework.security.web.authentication.logout.LogoutFilter@41c2a4be, com.project.security.JwtRequestFilter@28b1ba19, org.springframework.security.web.savedrequest.RequestCacheAwareFilter@71c0fe5e, org.springframework.security.web.servletapi.SecurityContextHolderAwareRequestFilter@748cb8d3, org.springframework.security.web.authentication.AnonymousAuthenticationFilter@4c2c4aaf, org.springframework.security.web.session.SessionManagementFilter@50ad666a, org.springframework.security.web.access.ExceptionTranslationFilter@5d0408de, org.springframework.security.web.access.intercept.FilterSecurityInterceptor@4b291ba1]
2023-08-31 11:35:08.827  INFO 8212 --- [restartedMain] o.s.b.d.a.OptionalLiveReloadServer       : LiveReload server is running on port 35729
2023-08-31 11:35:08.917  INFO 8212 --- [restartedMain] o.s.b.w.embedded.tomcat.TomcatWebServer  : Tomcat started on port(s): 8080 (http) with context path ''
2023-08-31 11:35:08.943  INFO 8212 --- [restartedMain] com.project.ExamportApplication          : Started ExamportApplication in 18.993 seconds (JVM running for 23.769)
2023-08-31 11:35:43.617  INFO 8212 --- [http-nio-8080-exec-1] o.a.c.c.C.[Tomcat].[localhost].[/]       : Initializing Spring DispatcherServlet 'dispatcherServlet'
2023-08-31 11:35:43.618  INFO 8212 --- [http-nio-8080-exec-1] o.s.web.servlet.DispatcherServlet        : Initializing Servlet 'dispatcherServlet'
2023-08-31 11:35:43.621  INFO 8212 --- [http-nio-8080-exec-1] o.s.web.servlet.DispatcherServlet        : Completed initialization in 1 ms
2023-08-31 11:41:12.868  INFO 8212 --- [RMI TCP Connection(10)-127.0.0.1] inMXBeanRegistrar$SpringApplicationAdmin : Application shutdown requested.
2023-08-31 11:41:12.897  INFO 8212 --- [RMI TCP Connection(10)-127.0.0.1] o.apache.catalina.core.StandardService   : Stopping service [Tomcat]
2023-08-31 11:41:12.899  INFO 8212 --- [RMI TCP Connection(10)-127.0.0.1] o.a.c.c.C.[Tomcat].[localhost].[/]       : Destroying Spring FrameworkServlet 'dispatcherServlet'
2023-08-31 11:41:12.907  WARN 8212 --- [RMI TCP Connection(10)-127.0.0.1] o.a.c.loader.WebappClassLoaderBase       : The web application [ROOT] appears to have started a thread named [HikariPool-1 housekeeper] but has failed to stop it. This is very likely to create a memory leak. Stack trace of thread:
 java.base@17.0.7/jdk.internal.misc.Unsafe.park(Native Method)
 java.base@17.0.7/java.util.concurrent.locks.LockSupport.parkNanos(LockSupport.java:252)
 java.base@17.0.7/java.util.concurrent.locks.AbstractQueuedSynchronizer$ConditionObject.awaitNanos(AbstractQueuedSynchronizer.java:1672)
 java.base@17.0.7/java.util.concurrent.ScheduledThreadPoolExecutor$DelayedWorkQueue.take(ScheduledThreadPoolExecutor.java:1182)
 java.base@17.0.7/java.util.concurrent.ScheduledThreadPoolExecutor$DelayedWorkQueue.take(ScheduledThreadPoolExecutor.java:899)
 java.base@17.0.7/java.util.concurrent.ThreadPoolExecutor.getTask(ThreadPoolExecutor.java:1062)
 java.base@17.0.7/java.util.concurrent.ThreadPoolExecutor.runWorker(ThreadPoolExecutor.java:1122)
 java.base@17.0.7/java.util.concurrent.ThreadPoolExecutor$Worker.run(ThreadPoolExecutor.java:635)
 java.base@17.0.7/java.lang.Thread.run(Thread.java:833)
2023-08-31 11:41:12.919  INFO 8212 --- [RMI TCP Connection(10)-127.0.0.1] j.LocalContainerEntityManagerFactoryBean : Closing JPA EntityManagerFactory for persistence unit 'default'
2023-08-31 11:41:12.926  INFO 8212 --- [RMI TCP Connection(10)-127.0.0.1] com.zaxxer.hikari.HikariDataSource       : HikariPool-1 - Shutdown initiated...
2023-08-31 11:41:12.934  INFO 8212 --- [RMI TCP Connection(10)-127.0.0.1] com.zaxxer.hikari.HikariDataSource       : HikariPool-1 - Shutdown completed.
